[2026-05-05 14:29:12,563]-[main] INFO  com.zaxxer.hikari.HikariDataSource - HikariPool-1 - Starting...
[2026-05-05 14:29:12,663]-[main] INFO  com.zaxxer.hikari.HikariDataSource - HikariPool-1 - Start completed.
[2026-05-05 14:29:12,839]-[main] INFO  Application - Application started in 0.537 seconds.
[2026-05-05 14:29:12,923]-[main] INFO  Application - Responding at http://0.0.0.0:8080
[2026-05-05 14:29:47,514]-[main] INFO  com.zaxxer.hikari.HikariDataSource - HikariPool-1 - Starting...
[2026-05-05 14:29:47,580]-[main] INFO  com.zaxxer.hikari.HikariDataSource - HikariPool-1 - Start completed.
[2026-05-05 14:29:47,740]-[main] INFO  Application - Application started in 0.453 seconds.
[2026-05-05 14:29:47,807]-[main] INFO  Application - Responding at http://0.0.0.0:8080
[2026-05-05 14:29:52,000]-[eventLoopGroupProxy-4-1] INFO  Application - [31m404 Not Found[m: [36mGET[m - / in 26ms
[2026-05-05 14:29:52,014]-[eventLoopGroupProxy-4-1] INFO  Application - [31m404 Not Found[m: [36mGET[m - /favicon.ico in 1ms
[2026-05-05 14:29:52,109]-[eventLoopGroupProxy-4-2] INFO  Application - [31m404 Not Found[m: [36mGET[m - /apple-touch-icon-precomposed.png in 1ms
[2026-05-05 14:29:52,112]-[eventLoopGroupProxy-4-2] INFO  Application - [31m404 Not Found[m: [36mGET[m - /apple-touch-icon.png in 1ms
[2026-05-05 14:29:52,115]-[eventLoopGroupProxy-4-2] INFO  Application - [31m404 Not Found[m: [36mGET[m - /favicon.ico in 1ms
[2026-05-05 14:30:27,696]-[eventLoopGroupProxy-4-3] INFO  Application - [32m200 OK[m: [36mPOST[m - /rpc/routeIPSServiceManager1 in 52ms
[2026-05-05 14:30:37,949]-[eventLoopGroupProxy-4-4] INFO  Application - [32m200 OK[m: [36mPOST[m - /rpc/routeIPSServiceManager1 in 2ms
[2026-05-05 14:31:09,032]-[eventLoopGroupProxy-4-5] INFO  Application - [32m200 OK[m: [36mPOST[m - /rpc/routeIPSServiceManager1 in 2ms
[2026-05-05 14:31:12,216]-[eventLoopGroupProxy-4-6] INFO  Application - [32m200 OK[m: [36mPOST[m - /rpc/routeIPSServiceManager1 in 2ms
[2026-05-05 14:32:55,579]-[eventLoopGroupProxy-4-7] INFO  Application - [32m200 OK[m: [36mPOST[m - /rpc/routeIPSServiceManager1 in 3ms
[2026-05-05 14:33:34,448]-[eventLoopGroupProxy-4-8] INFO  Application - [32m200 OK[m: [36mPOST[m - /rpc/routeIPSServiceManager1 in 3ms
[2026-05-05 14:34:06,470]-[eventLoopGroupProxy-4-9] INFO  Application - [32m200 OK[m: [36mPOST[m - /rpc/routeIPSServiceManager1 in 2ms
[2026-05-05 14:34:08,099]-[eventLoopGroupProxy-4-10] INFO  Application - [32m200 OK[m: [36mPOST[m - /rpc/routeIPSServiceManager1 in 3ms
[2026-05-05 14:34:08,902]-[eventLoopGroupProxy-4-11] INFO  Application - [32m200 OK[m: [36mPOST[m - /rpc/routeIPSServiceManager1 in 2ms
[2026-05-05 14:34:29,285]-[eventLoopGroupProxy-4-12] INFO  Application - [32m200 OK[m: [36mPOST[m - /rpc/routeIPSServiceManager1 in 2ms
[2026-05-05 14:34:33,982]-[eventLoopGroupProxy-4-13] INFO  Application - [32m200 OK[m: [36mPOST[m - /rpc/routeIPSServiceManager1 in 4ms
[2026-05-05 14:36:57,850]-[eventLoopGroupProxy-4-14] INFO  Application - [32m200 OK[m: [36mPOST[m - /rpc/routeIPSServiceManager1 in 2ms
[2026-05-05 14:37:03,328]-[eventLoopGroupProxy-4-15] INFO  Application - [32m200 OK[m: [36mPOST[m - /rpc/routeIPSServiceManager1 in 4ms
[2026-05-05 14:37:10,013]-[eventLoopGroupProxy-4-16] INFO  Application - [32m200 OK[m: [36mPOST[m - /rpc/routeIPSServiceManager1 in 2ms
[2026-05-05 14:37:10,771]-[eventLoopGroupProxy-4-17] INFO  Application - [32m200 OK[m: [36mPOST[m - /rpc/routeIPSServiceManager1 in 2ms
[2026-05-05 14:37:11,043]-[eventLoopGroupProxy-4-18] INFO  Application - [32m200 OK[m: [36mPOST[m - /rpc/routeIPSServiceManager1 in 3ms
[2026-05-05 14:37:11,181]-[eventLoopGroupProxy-4-1] INFO  Application - [32m200 OK[m: [36mPOST[m - /rpc/routeIPSServiceManager1 in 2ms
[2026-05-05 14:37:11,297]-[eventLoopGroupProxy-4-2] INFO  Application - [32m200 OK[m: [36mPOST[m - /rpc/routeIPSServiceManager1 in 2ms
[2026-05-05 14:37:11,484]-[eventLoopGroupProxy-4-3] INFO  Application - [32m200 OK[m: [36mPOST[m - /rpc/routeIPSServiceManager1 in 2ms
[2026-05-05 14:37:11,636]-[eventLoopGroupProxy-4-4] INFO  Application - [32m200 OK[m: [36mPOST[m - /rpc/routeIPSServiceManager1 in 2ms
[2026-05-05 14:37:11,727]-[eventLoopGroupProxy-4-5] INFO  Application - [32m200 OK[m: [36mPOST[m - /rpc/routeIPSServiceManager1 in 1ms
[2026-05-05 14:37:11,901]-[eventLoopGroupProxy-4-6] INFO  Application - [32m200 OK[m: [36mPOST[m - /rpc/routeIPSServiceManager1 in 2ms
[2026-05-05 14:37:12,048]-[eventLoopGroupProxy-4-7] INFO  Application - [32m200 OK[m: [36mPOST[m - /rpc/routeIPSServiceManager1 in 2ms
[2026-05-05 14:37:12,135]-[eventLoopGroupProxy-4-8] INFO  Application - [32m200 OK[m: [36mPOST[m - /rpc/routeIPSServiceManager1 in 2ms
[2026-05-05 14:37:12,290]-[eventLoopGroupProxy-4-9] INFO  Application - [32m200 OK[m: [36mPOST[m - /rpc/routeIPSServiceManager1 in 1ms
[2026-05-05 14:37:12,468]-[eventLoopGroupProxy-4-10] INFO  Application - [32m200 OK[m: [36mPOST[m - /rpc/routeIPSServiceManager1 in 2ms
[2026-05-05 14:37:12,638]-[eventLoopGroupProxy-4-11] INFO  Application - [32m200 OK[m: [36mPOST[m - /rpc/routeIPSServiceManager1 in 2ms
[2026-05-05 14:37:12,718]-[eventLoopGroupProxy-4-12] INFO  Application - [32m200 OK[m: [36mPOST[m - /rpc/routeIPSServiceManager1 in 1ms
[2026-05-05 14:37:12,852]-[eventLoopGroupProxy-4-13] INFO  Application - [32m200 OK[m: [36mPOST[m - /rpc/routeIPSServiceManager1 in 1ms
[2026-05-05 14:37:13,011]-[eventLoopGroupProxy-4-14] INFO  Application - [32m200 OK[m: [36mPOST[m - /rpc/routeIPSServiceManager1 in 2ms
[2026-05-05 14:38:27,639]-[main] INFO  com.zaxxer.hikari.HikariDataSource - HikariPool-1 - Starting...
[2026-05-05 14:38:27,706]-[main] INFO  com.zaxxer.hikari.HikariDataSource - HikariPool-1 - Start completed.
[2026-05-05 14:38:27,870]-[main] INFO  Application - Application started in 0.453 seconds.
[2026-05-05 14:38:27,948]-[main] INFO  Application - Responding at http://0.0.0.0:8080
[2026-05-05 14:39:36,672]-[main] INFO  com.zaxxer.hikari.HikariDataSource - HikariPool-1 - Starting...
[2026-05-05 14:39:36,742]-[main] INFO  com.zaxxer.hikari.HikariDataSource - HikariPool-1 - Start completed.
[2026-05-05 14:39:36,908]-[main] INFO  Application - Application started in 0.504 seconds.
[2026-05-05 14:39:36,977]-[main] INFO  Application - Responding at http://0.0.0.0:8080
[2026-05-05 14:40:14,988]-[main] INFO  com.zaxxer.hikari.HikariDataSource - HikariPool-1 - Starting...
[2026-05-05 14:40:15,055]-[main] INFO  com.zaxxer.hikari.HikariDataSource - HikariPool-1 - Start completed.
[2026-05-05 14:40:15,216]-[main] INFO  Application - Application started in 0.453 seconds.
[2026-05-05 14:40:15,283]-[main] INFO  Application - Responding at http://0.0.0.0:8080
[2026-05-05 14:43:39,756]-[main] INFO  com.zaxxer.hikari.HikariDataSource - HikariPool-1 - Starting...
[2026-05-05 14:43:39,826]-[main] INFO  com.zaxxer.hikari.HikariDataSource - HikariPool-1 - Start completed.
[2026-05-05 14:43:40,029]-[main] INFO  Application - Application started in 0.499 seconds.
[2026-05-05 14:43:40,108]-[main] INFO  Application - Responding at http://0.0.0.0:8080
[2026-05-05 14:46:23,024]-[main] INFO  com.zaxxer.hikari.HikariDataSource - HikariPool-1 - Starting...
[2026-05-05 14:46:23,142]-[main] INFO  com.zaxxer.hikari.HikariDataSource - HikariPool-1 - Start completed.
[2026-05-05 14:46:23,296]-[main] INFO  Application - Application started in 0.491 seconds.
[2026-05-05 14:46:23,371]-[main] INFO  Application - Responding at http://0.0.0.0:8080
[2026-05-05 14:47:45,921]-[main] INFO  com.zaxxer.hikari.HikariDataSource - HikariPool-1 - Starting...
[2026-05-05 14:47:45,999]-[main] INFO  com.zaxxer.hikari.HikariDataSource - HikariPool-1 - Start completed.
[2026-05-05 14:47:46,150]-[main] INFO  Application - Application started in 0.449 seconds.
[2026-05-05 14:47:46,220]-[main] INFO  Application - Responding at http://0.0.0.0:8080
[2026-05-05 14:48:00,811]-[main] INFO  com.zaxxer.hikari.HikariDataSource - HikariPool-1 - Starting...
[2026-05-05 14:48:00,891]-[main] INFO  com.zaxxer.hikari.HikariDataSource - HikariPool-1 - Start completed.
[2026-05-05 14:48:01,040]-[main] INFO  Application - Application started in 0.451 seconds.
[2026-05-05 14:48:01,109]-[main] INFO  Application - Responding at http://0.0.0.0:8080
[2026-05-05 14:48:22,192]-[eventLoopGroupProxy-4-1] INFO  Application - [32m200 OK[m: [36mPOST[m - /rpc/routeIPSServiceManager1 in 120ms
[2026-05-05 14:55:48,788]-[main] INFO  com.zaxxer.hikari.HikariDataSource - HikariPool-1 - Starting...
[2026-05-05 14:55:48,866]-[main] INFO  com.zaxxer.hikari.HikariDataSource - HikariPool-1 - Start completed.
[2026-05-05 14:55:49,009]-[main] INFO  Application - Application started in 0.433 seconds.
[2026-05-05 14:55:49,078]-[main] INFO  Application - Responding at http://0.0.0.0:8080
[2026-05-05 14:56:01,739]-[eventLoopGroupProxy-4-1] INFO  Application - [32m200 OK[m: [36mPOST[m - /rpc/routeIPSServiceManager1 in 109ms
